<?xml version="1.0" encoding="UTF-8"?>
<!-- Generated by org.testng.reporters.JUnitReportReporter -->
<testsuite hostname="DESKTOP-0N1SQP8" failures="0" tests="2" name="test.ProductOperationsChrome" time="12.786" errors="0" timestamp="2024-07-09T18:52:15 TRT" skipped="0">
  <testcase classname="test.ProductOperationsChrome" name="openPageTest" time="1.610"/>
  <system-out/>
  <testcase classname="test.ProductOperationsChrome" name="userLoginTest" time="11.176"/>
  <system-out/>
</testsuite> <!-- test.ProductOperationsChrome -->
