<?xml version="1.0" encoding="UTF-8"?>
<!-- Generated by org.testng.reporters.JUnitReportReporter -->
<testsuite hostname="DESKTOP-0N1SQP8" failures="0" tests="4" name="test.UrunIslemleriTest" time="68.671" errors="0" timestamp="2024-07-08T15:03:28 TRT" skipped="0">
  <testcase classname="test.UrunIslemleriTest" name="openPageTest" time="13.440"/>
  <system-out/>
  <testcase classname="test.UrunIslemleriTest" name="searchTest" time="17.937"/>
  <system-out/>
  <testcase classname="test.UrunIslemleriTest" name="filtrePriceTest" time="4.597"/>
  <system-out/>
  <testcase classname="test.UrunIslemleriTest" name="randomUrunSecTest" time="32.697"/>
  <system-out/>
</testsuite> <!-- test.UrunIslemleriTest -->
