<?xml version="1.0" encoding="UTF-8"?>
<!-- Generated by org.testng.reporters.JUnitReportReporter -->
<testsuite hostname="DESKTOP-0N1SQP8" failures="0" tests="1" name="test.OpenPageTest" time="9.200" errors="0" timestamp="2024-03-22T14:20:57 TRT" skipped="0">
  <testcase classname="test.OpenPageTest" name="correctOpen" time="9.200"/>
  <system-out/>
</testsuite> <!-- test.OpenPageTest -->
