<?xml version="1.0" encoding="UTF-8"?>
<!-- Generated by org.testng.reporters.JUnitReportReporter -->
<testsuite hostname="DESKTOP-0N1SQP8" failures="0" tests="7" name="test.UrunIslemleriChrome" time="80.559" errors="0" timestamp="2024-07-08T20:28:17 TRT" skipped="0">
  <testcase classname="test.UrunIslemleriChrome" name="openPageTest" time="2.347"/>
  <system-out/>
  <testcase classname="test.UrunIslemleriChrome" name="userLoginTest" time="14.120"/>
  <system-out/>
  <testcase classname="test.UrunIslemleriChrome" name="searchTest" time="14.633"/>
  <system-out/>
  <testcase classname="test.UrunIslemleriChrome" name="filtrePriceTest" time="5.433"/>
  <system-out/>
  <testcase classname="test.UrunIslemleriChrome" name="randomUrunSecTest" time="16.529"/>
  <system-out/>
  <testcase classname="test.UrunIslemleriChrome" name="addBasketLowPointSellerTest" time="23.003"/>
  <system-out/>
  <testcase classname="test.UrunIslemleriChrome" name="addBasketTest" time="4.494"/>
  <system-out/>
</testsuite> <!-- test.UrunIslemleriChrome -->
