<?xml version="1.0" encoding="UTF-8"?>
<!-- Generated by org.testng.reporters.JUnitReportReporter -->
<testsuite hostname="DESKTOP-0N1SQP8" failures="0" tests="1" name="test.TestClassTest" time="1.782" errors="0" timestamp="2024-07-08T14:44:41 TRT" skipped="0">
  <testcase classname="test.TestClassTest" name="testExample" time="1.782"/>
  <system-out/>
</testsuite> <!-- test.TestClassTest -->
