<?xml version="1.0" encoding="UTF-8"?>
<!-- Generated by org.testng.reporters.JUnitReportReporter -->
<testsuite hostname="DESKTOP-0N1SQP8" failures="0" tests="2" name="test.YonlendirmeTest" time="10.019" errors="0" timestamp="2024-05-30T18:38:36 TRT" skipped="0">
  <testcase classname="test.YonlendirmeTest" name="redirectEdilecekUrunuSec" time="7.484"/>
  <system-out/>
  <testcase classname="test.YonlendirmeTest" name="redirectToSellerTest" time="2.535"/>
  <system-out/>
</testsuite> <!-- test.YonlendirmeTest -->
